<?xml version="1.0" encoding="UTF-8"?>
<testng-results skipped="0" failed="0" ignored="0" total="1" passed="1">
  <reporter-output>
  </reporter-output>
  <suite name="Default suite" duration-ms="28622" started-at="2022-07-25T07:09:06Z" finished-at="2022-07-25T07:09:34Z">
    <groups>
    </groups>
    <test name="Default test" duration-ms="28622" started-at="2022-07-25T07:09:06Z" finished-at="2022-07-25T07:09:34Z">
      <class name="com.script.Main">
        <test-method status="PASS" signature="startTest()[pri:0, instance:com.script.Main@3ffc5af1]" name="startTest" is-config="true" duration-ms="109" started-at="2022-07-25T07:09:06Z" finished-at="2022-07-25T07:09:06Z">
          <reporter-output>
          </reporter-output>
        </test-method> <!-- startTest -->
        <test-method status="PASS" signature="extentReportsDemo()[pri:0, instance:com.script.Main@3ffc5af1]" name="extentReportsDemo" duration-ms="28327" started-at="2022-07-25T07:09:06Z" finished-at="2022-07-25T07:09:34Z">
          <reporter-output>
          </reporter-output>
        </test-method> <!-- extentReportsDemo -->
        <test-method status="PASS" signature="endTest()[pri:0, instance:com.script.Main@3ffc5af1]" name="endTest" is-config="true" duration-ms="185" started-at="2022-07-25T07:09:34Z" finished-at="2022-07-25T07:09:34Z">
          <reporter-output>
          </reporter-output>
        </test-method> <!-- endTest -->
      </class> <!-- com.script.Main -->
    </test> <!-- Default test -->
  </suite> <!-- Default suite -->
</testng-results>
